RUN	computerdatabase.ComputerDatabaseSimulation	computerdatabasesimulation	1695300528883	 	3.9.5
USER	Users	START	1695300530261
USER	Admins	START	1695300530261
REQUEST		Home	1695300530259	1695300530607	OK	 
REQUEST		Home	1695300530259	1695300530605	OK	 
REQUEST		Home Redirect 1	1695300530623	1695300530755	OK	 
REQUEST		Home Redirect 1	1695300530625	1695300530755	OK	 
USER	Users	START	1695300531251
REQUEST		Home	1695300531249	1695300531590	OK	 
REQUEST		Home Redirect 1	1695300531591	1695300531717	OK	 
REQUEST		Search	1695300531773	1695300531882	OK	 
REQUEST		Search	1695300531773	1695300531882	OK	 
USER	Users	START	1695300532251
REQUEST		Home	1695300532249	1695300532593	OK	 
REQUEST		Home Redirect 1	1695300532593	1695300532701	OK	 
REQUEST		Search	1695300532721	1695300532817	OK	 
REQUEST		Select	1695300532940	1695300533042	OK	 
REQUEST		Select	1695300532939	1695300533042	OK	 
USER	Users	START	1695300533250
REQUEST		Home	1695300533247	1695300533580	OK	 
REQUEST		Home Redirect 1	1695300533581	1695300533690	OK	 
REQUEST		Search	1695300533704	1695300533808	OK	 
REQUEST		Select	1695300533820	1695300533927	OK	 
REQUEST		Page 0	1695300534057	1695300534163	OK	 
REQUEST		Page 0	1695300534057	1695300534163	OK	 
USER	Users	START	1695300534250
REQUEST		Home	1695300534247	1695300534588	OK	 
REQUEST		Home Redirect 1	1695300534589	1695300534705	OK	 
REQUEST		Search	1695300534695	1695300534803	OK	 
REQUEST		Select	1695300534814	1695300534919	OK	 
REQUEST		Page 0	1695300534931	1695300535041	OK	 
USER	Users	START	1695300535250
USER	Admins	START	1695300535250
REQUEST		Page 1	1695300535170	1695300535280	OK	 
REQUEST		Page 1	1695300535170	1695300535280	OK	 
REQUEST		Home	1695300535247	1695300535569	OK	 
REQUEST		Home	1695300535247	1695300535577	OK	 
REQUEST		Home Redirect 1	1695300535570	1695300535680	OK	 
REQUEST		Home Redirect 1	1695300535578	1695300535681	OK	 
REQUEST		Search	1695300535709	1695300535820	OK	 
REQUEST		Select	1695300535810	1695300535922	OK	 
REQUEST		Page 0	1695300535922	1695300536032	OK	 
REQUEST		Page 1	1695300536046	1695300536151	OK	 
USER	Users	START	1695300536250
REQUEST		Page 2	1695300536282	1695300536401	OK	 
REQUEST		Page 2	1695300536282	1695300536400	OK	 
REQUEST		Home	1695300536248	1695300536579	OK	 
REQUEST		Search	1695300536684	1695300536786	OK	 
REQUEST		Search	1695300536684	1695300536786	OK	 
REQUEST		Select	1695300536827	1695300536934	OK	 
REQUEST		Home Redirect 1	1695300536581	1695300536999	OK	 
REQUEST		Page 0	1695300536926	1695300537031	OK	 
REQUEST		Page 1	1695300537035	1695300537141	OK	 
USER	Users	START	1695300537250
REQUEST		Page 2	1695300537154	1695300537261	OK	 
REQUEST		Page 3	1695300537404	1695300537509	OK	 
REQUEST		Page 3	1695300537404	1695300537508	OK	 
REQUEST		Home	1695300537247	1695300537569	OK	 
REQUEST		Home Redirect 1	1695300537569	1695300537679	OK	 
REQUEST		Select	1695300537793	1695300537911	OK	 
REQUEST		Select	1695300537793	1695300537911	OK	 
REQUEST		Page 0	1695300537938	1695300538043	OK	 
REQUEST		Search	1695300538003	1695300538108	OK	 
REQUEST		Page 1	1695300538034	1695300538136	OK	 
REQUEST		Page 2	1695300538145	1695300538247	OK	 
USER	Users	START	1695300538248
REQUEST		Page 3	1695300538263	1695300538366	OK	 
USER	Users	END	1695300538517
REQUEST		Home	1695300538247	1695300538588	OK	 
REQUEST		Form	1695300538512	1695300538619	OK	 
REQUEST		Home Redirect 1	1695300538589	1695300538701	OK	 
REQUEST		Search	1695300538683	1695300538789	OK	 
REQUEST		Page 0	1695300538915	1695300539026	OK	 
REQUEST		Page 0	1695300538915	1695300539026	OK	 
REQUEST		Page 1	1695300539046	1695300539149	OK	 
REQUEST		Select	1695300539115	1695300539217	OK	 
REQUEST		Page 2	1695300539139	1695300539246	OK	 
USER	Users	START	1695300539250
REQUEST		Page 3	1695300539249	1695300539351	OK	 
USER	Users	END	1695300539371
REQUEST		Home	1695300539247	1695300539584	OK	 
REQUEST		Home Redirect 1	1695300539586	1695300539694	OK	 
REQUEST		Post	1695300539628	1695300539741	OK	 
REQUEST		Search	1695300539706	1695300539807	OK	 
REQUEST		Post Redirect 1	1695300539755	1695300539860	OK	 
USER	Admins	END	1695300539865
REQUEST		Select	1695300539793	1695300539896	OK	 
REQUEST		Page 1	1695300540030	1695300540134	OK	 
REQUEST		Page 1	1695300540030	1695300540133	OK	 
REQUEST		Page 2	1695300540152	1695300540260	OK	 
REQUEST		Page 0	1695300540221	1695300540321	OK	 
USER	Users	END	1695300540356
REQUEST		Page 3	1695300540249	1695300540358	OK	 
REQUEST		Search	1695300540698	1695300540801	OK	 
REQUEST		Select	1695300540813	1695300540916	OK	 
REQUEST		Page 0	1695300540902	1695300541005	OK	 
REQUEST		Page 2	1695300541137	1695300541237	OK	 
REQUEST		Page 2	1695300541137	1695300541237	OK	 
REQUEST		Page 3	1695300541262	1695300541361	OK	 
USER	Users	END	1695300541362
REQUEST		Page 1	1695300541324	1695300541441	OK	 
REQUEST		Select	1695300541807	1695300541921	OK	 
REQUEST		Page 0	1695300541920	1695300542024	OK	 
REQUEST		Page 1	1695300542008	1695300542113	OK	 
USER	Users	END	1695300542366
REQUEST		Page 3	1695300542240	1695300542366	OK	 
REQUEST		Page 3	1695300542240	1695300542366	OK	 
REQUEST		Page 2	1695300542444	1695300542545	OK	 
REQUEST		Page 0	1695300542924	1695300543043	OK	 
REQUEST		Page 1	1695300543027	1695300543131	OK	 
REQUEST		Page 2	1695300543117	1695300543225	OK	 
USER	Users	END	1695300543370
REQUEST		Form	1695300543368	1695300543476	OK	 
REQUEST		Page 3	1695300543549	1695300543651	OK	 
REQUEST		Page 1	1695300544046	1695300544157	OK	 
REQUEST		Page 2	1695300544134	1695300544250	OK	 
REQUEST		Page 3	1695300544229	1695300544336	OK	 
REQUEST		Post	1695300544480	1695300544584	OK	 
USER	Users	END	1695300544656
REQUEST		Post Redirect 1	1695300544586	1695300544690	KO	status.find.is(201), but actually found 200
REQUEST		Form	1695300544698	1695300544800	OK	 
REQUEST		Page 2	1695300545161	1695300545276	OK	 
USER	Users	END	1695300545342
REQUEST		Page 3	1695300545254	1695300545361	OK	 
REQUEST		Post	1695300545803	1695300545915	OK	 
REQUEST		Post Redirect 1	1695300545917	1695300546036	OK	 
USER	Admins	END	1695300546040
USER	Users	END	1695300546365
REQUEST		Page 3	1695300546279	1695300546400	OK	 
USER	Users	END	1695300547405
